  Chest.cpp
  Dungeon.cpp
  MainManager.cpp
C:\Users\ptsma\Documents\GitHub\ENTI-RPG_Game_C\RPGGame\MainManager.cpp(123,11): warning C4473: "scanf_s": no se pasaron suficientes argumentos para la cadena de formato
C:\Users\ptsma\Documents\GitHub\ENTI-RPG_Game_C\RPGGame\MainManager.cpp(123,11): message : los marcadores de posición y sus parámetros esperan 2 argumentos variádicos, pero se proporcionaron 1
C:\Users\ptsma\Documents\GitHub\ENTI-RPG_Game_C\RPGGame\MainManager.cpp(123,11): message : el argumento variádico 2 que falta es requerido por la cadena de formato '%c'
C:\Users\ptsma\Documents\GitHub\ENTI-RPG_Game_C\RPGGame\MainManager.cpp(123,11): message : este argumento se utiliza como un tamaño de búfer
C:\Users\ptsma\Documents\GitHub\ENTI-RPG_Game_C\RPGGame\MainManager.cpp(118,7): warning C4101: 'basura': variable local sin referencia
C:\Users\ptsma\Documents\GitHub\ENTI-RPG_Game_C\RPGGame\MainManager.cpp(344,10): warning C4473: "scanf_s": no se pasaron suficientes argumentos para la cadena de formato
C:\Users\ptsma\Documents\GitHub\ENTI-RPG_Game_C\RPGGame\MainManager.cpp(344,10): message : los marcadores de posición y sus parámetros esperan 2 argumentos variádicos, pero se proporcionaron 1
C:\Users\ptsma\Documents\GitHub\ENTI-RPG_Game_C\RPGGame\MainManager.cpp(344,10): message : el argumento variádico 2 que falta es requerido por la cadena de formato '%c'
C:\Users\ptsma\Documents\GitHub\ENTI-RPG_Game_C\RPGGame\MainManager.cpp(344,10): message : este argumento se utiliza como un tamaño de búfer
C:\Users\ptsma\Documents\GitHub\ENTI-RPG_Game_C\RPGGame\MainManager.cpp(359,12): warning C4473: "scanf_s": no se pasaron suficientes argumentos para la cadena de formato
C:\Users\ptsma\Documents\GitHub\ENTI-RPG_Game_C\RPGGame\MainManager.cpp(359,12): message : los marcadores de posición y sus parámetros esperan 2 argumentos variádicos, pero se proporcionaron 1
C:\Users\ptsma\Documents\GitHub\ENTI-RPG_Game_C\RPGGame\MainManager.cpp(359,12): message : el argumento variádico 2 que falta es requerido por la cadena de formato '%c'
C:\Users\ptsma\Documents\GitHub\ENTI-RPG_Game_C\RPGGame\MainManager.cpp(359,12): message : este argumento se utiliza como un tamaño de búfer
C:\Users\ptsma\Documents\GitHub\ENTI-RPG_Game_C\RPGGame\MainManager.cpp(369,12): warning C4473: "scanf_s": no se pasaron suficientes argumentos para la cadena de formato
C:\Users\ptsma\Documents\GitHub\ENTI-RPG_Game_C\RPGGame\MainManager.cpp(369,12): message : los marcadores de posición y sus parámetros esperan 2 argumentos variádicos, pero se proporcionaron 1
C:\Users\ptsma\Documents\GitHub\ENTI-RPG_Game_C\RPGGame\MainManager.cpp(369,12): message : el argumento variádico 2 que falta es requerido por la cadena de formato '%c'
C:\Users\ptsma\Documents\GitHub\ENTI-RPG_Game_C\RPGGame\MainManager.cpp(369,12): message : este argumento se utiliza como un tamaño de búfer
C:\Users\ptsma\Documents\GitHub\ENTI-RPG_Game_C\RPGGame\MainManager.cpp(376,12): warning C4473: "scanf_s": no se pasaron suficientes argumentos para la cadena de formato
C:\Users\ptsma\Documents\GitHub\ENTI-RPG_Game_C\RPGGame\MainManager.cpp(376,12): message : los marcadores de posición y sus parámetros esperan 2 argumentos variádicos, pero se proporcionaron 1
C:\Users\ptsma\Documents\GitHub\ENTI-RPG_Game_C\RPGGame\MainManager.cpp(376,12): message : el argumento variádico 2 que falta es requerido por la cadena de formato '%c'
C:\Users\ptsma\Documents\GitHub\ENTI-RPG_Game_C\RPGGame\MainManager.cpp(376,12): message : este argumento se utiliza como un tamaño de búfer
C:\Users\ptsma\Documents\GitHub\ENTI-RPG_Game_C\RPGGame\MainManager.cpp(468,10): warning C4473: "scanf_s": no se pasaron suficientes argumentos para la cadena de formato
C:\Users\ptsma\Documents\GitHub\ENTI-RPG_Game_C\RPGGame\MainManager.cpp(468,10): message : los marcadores de posición y sus parámetros esperan 2 argumentos variádicos, pero se proporcionaron 1
C:\Users\ptsma\Documents\GitHub\ENTI-RPG_Game_C\RPGGame\MainManager.cpp(468,10): message : el argumento variádico 2 que falta es requerido por la cadena de formato '%c'
C:\Users\ptsma\Documents\GitHub\ENTI-RPG_Game_C\RPGGame\MainManager.cpp(468,10): message : este argumento se utiliza como un tamaño de búfer
C:\Users\ptsma\Documents\GitHub\ENTI-RPG_Game_C\RPGGame\MainManager.cpp(485,12): warning C4473: "scanf_s": no se pasaron suficientes argumentos para la cadena de formato
C:\Users\ptsma\Documents\GitHub\ENTI-RPG_Game_C\RPGGame\MainManager.cpp(485,12): message : los marcadores de posición y sus parámetros esperan 2 argumentos variádicos, pero se proporcionaron 1
C:\Users\ptsma\Documents\GitHub\ENTI-RPG_Game_C\RPGGame\MainManager.cpp(485,12): message : el argumento variádico 2 que falta es requerido por la cadena de formato '%c'
C:\Users\ptsma\Documents\GitHub\ENTI-RPG_Game_C\RPGGame\MainManager.cpp(485,12): message : este argumento se utiliza como un tamaño de búfer
C:\Users\ptsma\Documents\GitHub\ENTI-RPG_Game_C\RPGGame\MainManager.cpp(576,10): warning C4473: "scanf_s": no se pasaron suficientes argumentos para la cadena de formato
C:\Users\ptsma\Documents\GitHub\ENTI-RPG_Game_C\RPGGame\MainManager.cpp(576,10): message : los marcadores de posición y sus parámetros esperan 2 argumentos variádicos, pero se proporcionaron 1
C:\Users\ptsma\Documents\GitHub\ENTI-RPG_Game_C\RPGGame\MainManager.cpp(576,10): message : el argumento variádico 2 que falta es requerido por la cadena de formato '%c'
C:\Users\ptsma\Documents\GitHub\ENTI-RPG_Game_C\RPGGame\MainManager.cpp(576,10): message : este argumento se utiliza como un tamaño de búfer
C:\Users\ptsma\Documents\GitHub\ENTI-RPG_Game_C\RPGGame\MainManager.cpp(596,10): warning C4473: "scanf_s": no se pasaron suficientes argumentos para la cadena de formato
C:\Users\ptsma\Documents\GitHub\ENTI-RPG_Game_C\RPGGame\MainManager.cpp(596,10): message : los marcadores de posición y sus parámetros esperan 2 argumentos variádicos, pero se proporcionaron 1
C:\Users\ptsma\Documents\GitHub\ENTI-RPG_Game_C\RPGGame\MainManager.cpp(596,10): message : el argumento variádico 2 que falta es requerido por la cadena de formato '%c'
C:\Users\ptsma\Documents\GitHub\ENTI-RPG_Game_C\RPGGame\MainManager.cpp(596,10): message : este argumento se utiliza como un tamaño de búfer
C:\Users\ptsma\Documents\GitHub\ENTI-RPG_Game_C\RPGGame\MainManager.cpp(701,10): warning C4473: "scanf_s": no se pasaron suficientes argumentos para la cadena de formato
C:\Users\ptsma\Documents\GitHub\ENTI-RPG_Game_C\RPGGame\MainManager.cpp(701,10): message : los marcadores de posición y sus parámetros esperan 2 argumentos variádicos, pero se proporcionaron 1
C:\Users\ptsma\Documents\GitHub\ENTI-RPG_Game_C\RPGGame\MainManager.cpp(701,10): message : el argumento variádico 2 que falta es requerido por la cadena de formato '%c'
C:\Users\ptsma\Documents\GitHub\ENTI-RPG_Game_C\RPGGame\MainManager.cpp(701,10): message : este argumento se utiliza como un tamaño de búfer
C:\Users\ptsma\Documents\GitHub\ENTI-RPG_Game_C\RPGGame\MainManager.cpp(805,10): warning C4473: "scanf_s": no se pasaron suficientes argumentos para la cadena de formato
C:\Users\ptsma\Documents\GitHub\ENTI-RPG_Game_C\RPGGame\MainManager.cpp(805,10): message : los marcadores de posición y sus parámetros esperan 2 argumentos variádicos, pero se proporcionaron 1
C:\Users\ptsma\Documents\GitHub\ENTI-RPG_Game_C\RPGGame\MainManager.cpp(805,10): message : el argumento variádico 2 que falta es requerido por la cadena de formato '%c'
C:\Users\ptsma\Documents\GitHub\ENTI-RPG_Game_C\RPGGame\MainManager.cpp(805,10): message : este argumento se utiliza como un tamaño de búfer
C:\Users\ptsma\Documents\GitHub\ENTI-RPG_Game_C\RPGGame\MainManager.cpp(700,7): warning C4101: 'userSeal4': variable local sin referencia
C:\Users\ptsma\Documents\GitHub\ENTI-RPG_Game_C\RPGGame\MainManager.cpp(830,10): warning C4473: "scanf_s": no se pasaron suficientes argumentos para la cadena de formato
C:\Users\ptsma\Documents\GitHub\ENTI-RPG_Game_C\RPGGame\MainManager.cpp(830,10): message : los marcadores de posición y sus parámetros esperan 2 argumentos variádicos, pero se proporcionaron 1
C:\Users\ptsma\Documents\GitHub\ENTI-RPG_Game_C\RPGGame\MainManager.cpp(830,10): message : el argumento variádico 2 que falta es requerido por la cadena de formato '%c'
C:\Users\ptsma\Documents\GitHub\ENTI-RPG_Game_C\RPGGame\MainManager.cpp(830,10): message : este argumento se utiliza como un tamaño de búfer
C:\Users\ptsma\Documents\GitHub\ENTI-RPG_Game_C\RPGGame\MainManager.cpp(852,10): warning C4473: "scanf_s": no se pasaron suficientes argumentos para la cadena de formato
C:\Users\ptsma\Documents\GitHub\ENTI-RPG_Game_C\RPGGame\MainManager.cpp(852,10): message : los marcadores de posición y sus parámetros esperan 2 argumentos variádicos, pero se proporcionaron 1
C:\Users\ptsma\Documents\GitHub\ENTI-RPG_Game_C\RPGGame\MainManager.cpp(852,10): message : el argumento variádico 2 que falta es requerido por la cadena de formato '%c'
C:\Users\ptsma\Documents\GitHub\ENTI-RPG_Game_C\RPGGame\MainManager.cpp(852,10): message : este argumento se utiliza como un tamaño de búfer
  Player.cpp
  RPGGame.cpp
C:\Users\ptsma\Documents\GitHub\ENTI-RPG_Game_C\RPGGame\RPGGame.cpp(20,12): warning C4244: 'argumento': conversión de 'time_t' a 'unsigned int'; posible pérdida de datos
  Generando código
  Previous IPDB not found, fall back to full compilation.
  All 38 functions were compiled because no usable IPDB/IOBJ from previous compilation was found.
  Generación de código finalizada
  RPGGame.vcxproj -> C:\Users\ptsma\Documents\GitHub\ENTI-RPG_Game_C\x64\Release\RPGGame.exe
