  MainManager.cpp
C:\Users\ptsma\Documents\GitHub\ENTI-RPG_Game_C\RPGGame\MainManager.cpp(123,11): warning C4473: "scanf_s": no se pasaron suficientes argumentos para la cadena de formato
C:\Users\ptsma\Documents\GitHub\ENTI-RPG_Game_C\RPGGame\MainManager.cpp(123,11): message : los marcadores de posición y sus parámetros esperan 2 argumentos variádicos, pero se proporcionaron 1
C:\Users\ptsma\Documents\GitHub\ENTI-RPG_Game_C\RPGGame\MainManager.cpp(123,11): message : el argumento variádico 2 que falta es requerido por la cadena de formato '%c'
C:\Users\ptsma\Documents\GitHub\ENTI-RPG_Game_C\RPGGame\MainManager.cpp(123,11): message : este argumento se utiliza como un tamaño de búfer
C:\Users\ptsma\Documents\GitHub\ENTI-RPG_Game_C\RPGGame\MainManager.cpp(118,7): warning C4101: 'basura': variable local sin referencia
C:\Users\ptsma\Documents\GitHub\ENTI-RPG_Game_C\RPGGame\MainManager.cpp(344,10): warning C4473: "scanf_s": no se pasaron suficientes argumentos para la cadena de formato
C:\Users\ptsma\Documents\GitHub\ENTI-RPG_Game_C\RPGGame\MainManager.cpp(344,10): message : los marcadores de posición y sus parámetros esperan 2 argumentos variádicos, pero se proporcionaron 1
C:\Users\ptsma\Documents\GitHub\ENTI-RPG_Game_C\RPGGame\MainManager.cpp(344,10): message : el argumento variádico 2 que falta es requerido por la cadena de formato '%c'
C:\Users\ptsma\Documents\GitHub\ENTI-RPG_Game_C\RPGGame\MainManager.cpp(344,10): message : este argumento se utiliza como un tamaño de búfer
C:\Users\ptsma\Documents\GitHub\ENTI-RPG_Game_C\RPGGame\MainManager.cpp(359,12): warning C4473: "scanf_s": no se pasaron suficientes argumentos para la cadena de formato
C:\Users\ptsma\Documents\GitHub\ENTI-RPG_Game_C\RPGGame\MainManager.cpp(359,12): message : los marcadores de posición y sus parámetros esperan 2 argumentos variádicos, pero se proporcionaron 1
C:\Users\ptsma\Documents\GitHub\ENTI-RPG_Game_C\RPGGame\MainManager.cpp(359,12): message : el argumento variádico 2 que falta es requerido por la cadena de formato '%c'
C:\Users\ptsma\Documents\GitHub\ENTI-RPG_Game_C\RPGGame\MainManager.cpp(359,12): message : este argumento se utiliza como un tamaño de búfer
C:\Users\ptsma\Documents\GitHub\ENTI-RPG_Game_C\RPGGame\MainManager.cpp(369,12): warning C4473: "scanf_s": no se pasaron suficientes argumentos para la cadena de formato
C:\Users\ptsma\Documents\GitHub\ENTI-RPG_Game_C\RPGGame\MainManager.cpp(369,12): message : los marcadores de posición y sus parámetros esperan 2 argumentos variádicos, pero se proporcionaron 1
C:\Users\ptsma\Documents\GitHub\ENTI-RPG_Game_C\RPGGame\MainManager.cpp(369,12): message : el argumento variádico 2 que falta es requerido por la cadena de formato '%c'
C:\Users\ptsma\Documents\GitHub\ENTI-RPG_Game_C\RPGGame\MainManager.cpp(369,12): message : este argumento se utiliza como un tamaño de búfer
C:\Users\ptsma\Documents\GitHub\ENTI-RPG_Game_C\RPGGame\MainManager.cpp(376,12): warning C4473: "scanf_s": no se pasaron suficientes argumentos para la cadena de formato
C:\Users\ptsma\Documents\GitHub\ENTI-RPG_Game_C\RPGGame\MainManager.cpp(376,12): message : los marcadores de posición y sus parámetros esperan 2 argumentos variádicos, pero se proporcionaron 1
C:\Users\ptsma\Documents\GitHub\ENTI-RPG_Game_C\RPGGame\MainManager.cpp(376,12): message : el argumento variádico 2 que falta es requerido por la cadena de formato '%c'
C:\Users\ptsma\Documents\GitHub\ENTI-RPG_Game_C\RPGGame\MainManager.cpp(376,12): message : este argumento se utiliza como un tamaño de búfer
C:\Users\ptsma\Documents\GitHub\ENTI-RPG_Game_C\RPGGame\MainManager.cpp(468,10): warning C4473: "scanf_s": no se pasaron suficientes argumentos para la cadena de formato
C:\Users\ptsma\Documents\GitHub\ENTI-RPG_Game_C\RPGGame\MainManager.cpp(468,10): message : los marcadores de posición y sus parámetros esperan 2 argumentos variádicos, pero se proporcionaron 1
C:\Users\ptsma\Documents\GitHub\ENTI-RPG_Game_C\RPGGame\MainManager.cpp(468,10): message : el argumento variádico 2 que falta es requerido por la cadena de formato '%c'
C:\Users\ptsma\Documents\GitHub\ENTI-RPG_Game_C\RPGGame\MainManager.cpp(468,10): message : este argumento se utiliza como un tamaño de búfer
C:\Users\ptsma\Documents\GitHub\ENTI-RPG_Game_C\RPGGame\MainManager.cpp(485,12): warning C4473: "scanf_s": no se pasaron suficientes argumentos para la cadena de formato
C:\Users\ptsma\Documents\GitHub\ENTI-RPG_Game_C\RPGGame\MainManager.cpp(485,12): message : los marcadores de posición y sus parámetros esperan 2 argumentos variádicos, pero se proporcionaron 1
C:\Users\ptsma\Documents\GitHub\ENTI-RPG_Game_C\RPGGame\MainManager.cpp(485,12): message : el argumento variádico 2 que falta es requerido por la cadena de formato '%c'
C:\Users\ptsma\Documents\GitHub\ENTI-RPG_Game_C\RPGGame\MainManager.cpp(485,12): message : este argumento se utiliza como un tamaño de búfer
C:\Users\ptsma\Documents\GitHub\ENTI-RPG_Game_C\RPGGame\MainManager.cpp(576,10): warning C4473: "scanf_s": no se pasaron suficientes argumentos para la cadena de formato
C:\Users\ptsma\Documents\GitHub\ENTI-RPG_Game_C\RPGGame\MainManager.cpp(576,10): message : los marcadores de posición y sus parámetros esperan 2 argumentos variádicos, pero se proporcionaron 1
C:\Users\ptsma\Documents\GitHub\ENTI-RPG_Game_C\RPGGame\MainManager.cpp(576,10): message : el argumento variádico 2 que falta es requerido por la cadena de formato '%c'
C:\Users\ptsma\Documents\GitHub\ENTI-RPG_Game_C\RPGGame\MainManager.cpp(576,10): message : este argumento se utiliza como un tamaño de búfer
C:\Users\ptsma\Documents\GitHub\ENTI-RPG_Game_C\RPGGame\MainManager.cpp(596,10): warning C4473: "scanf_s": no se pasaron suficientes argumentos para la cadena de formato
C:\Users\ptsma\Documents\GitHub\ENTI-RPG_Game_C\RPGGame\MainManager.cpp(596,10): message : los marcadores de posición y sus parámetros esperan 2 argumentos variádicos, pero se proporcionaron 1
C:\Users\ptsma\Documents\GitHub\ENTI-RPG_Game_C\RPGGame\MainManager.cpp(596,10): message : el argumento variádico 2 que falta es requerido por la cadena de formato '%c'
C:\Users\ptsma\Documents\GitHub\ENTI-RPG_Game_C\RPGGame\MainManager.cpp(596,10): message : este argumento se utiliza como un tamaño de búfer
C:\Users\ptsma\Documents\GitHub\ENTI-RPG_Game_C\RPGGame\MainManager.cpp(701,10): warning C4473: "scanf_s": no se pasaron suficientes argumentos para la cadena de formato
C:\Users\ptsma\Documents\GitHub\ENTI-RPG_Game_C\RPGGame\MainManager.cpp(701,10): message : los marcadores de posición y sus parámetros esperan 2 argumentos variádicos, pero se proporcionaron 1
C:\Users\ptsma\Documents\GitHub\ENTI-RPG_Game_C\RPGGame\MainManager.cpp(701,10): message : el argumento variádico 2 que falta es requerido por la cadena de formato '%c'
C:\Users\ptsma\Documents\GitHub\ENTI-RPG_Game_C\RPGGame\MainManager.cpp(701,10): message : este argumento se utiliza como un tamaño de búfer
C:\Users\ptsma\Documents\GitHub\ENTI-RPG_Game_C\RPGGame\MainManager.cpp(805,10): warning C4473: "scanf_s": no se pasaron suficientes argumentos para la cadena de formato
C:\Users\ptsma\Documents\GitHub\ENTI-RPG_Game_C\RPGGame\MainManager.cpp(805,10): message : los marcadores de posición y sus parámetros esperan 2 argumentos variádicos, pero se proporcionaron 1
C:\Users\ptsma\Documents\GitHub\ENTI-RPG_Game_C\RPGGame\MainManager.cpp(805,10): message : el argumento variádico 2 que falta es requerido por la cadena de formato '%c'
C:\Users\ptsma\Documents\GitHub\ENTI-RPG_Game_C\RPGGame\MainManager.cpp(805,10): message : este argumento se utiliza como un tamaño de búfer
C:\Users\ptsma\Documents\GitHub\ENTI-RPG_Game_C\RPGGame\MainManager.cpp(700,7): warning C4101: 'userSeal4': variable local sin referencia
C:\Users\ptsma\Documents\GitHub\ENTI-RPG_Game_C\RPGGame\MainManager.cpp(830,10): warning C4473: "scanf_s": no se pasaron suficientes argumentos para la cadena de formato
C:\Users\ptsma\Documents\GitHub\ENTI-RPG_Game_C\RPGGame\MainManager.cpp(830,10): message : los marcadores de posición y sus parámetros esperan 2 argumentos variádicos, pero se proporcionaron 1
C:\Users\ptsma\Documents\GitHub\ENTI-RPG_Game_C\RPGGame\MainManager.cpp(830,10): message : el argumento variádico 2 que falta es requerido por la cadena de formato '%c'
C:\Users\ptsma\Documents\GitHub\ENTI-RPG_Game_C\RPGGame\MainManager.cpp(830,10): message : este argumento se utiliza como un tamaño de búfer
C:\Users\ptsma\Documents\GitHub\ENTI-RPG_Game_C\RPGGame\MainManager.cpp(852,10): warning C4473: "scanf_s": no se pasaron suficientes argumentos para la cadena de formato
C:\Users\ptsma\Documents\GitHub\ENTI-RPG_Game_C\RPGGame\MainManager.cpp(852,10): message : los marcadores de posición y sus parámetros esperan 2 argumentos variádicos, pero se proporcionaron 1
C:\Users\ptsma\Documents\GitHub\ENTI-RPG_Game_C\RPGGame\MainManager.cpp(852,10): message : el argumento variádico 2 que falta es requerido por la cadena de formato '%c'
C:\Users\ptsma\Documents\GitHub\ENTI-RPG_Game_C\RPGGame\MainManager.cpp(852,10): message : este argumento se utiliza como un tamaño de búfer
  RPGGame.vcxproj -> C:\Users\ptsma\Documents\GitHub\ENTI-RPG_Game_C\x64\Debug\RPGGame.exe
